<?xml version="1.0" encoding="UTF-8"?>
<!-- Generated by org.testng.reporters.JUnitXMLReporter -->
<testsuite hostname="choupchoup" name="Default test" tests="28" failures="1" timestamp="19 Dec 2016 12:47:05 GMT" time="49.25" errors="0">
  <testcase name="testEncodeAndSeparateEncoding" time="0.014" classname="com.distrimind.util.crypto.CryptoTests"/>
  <testcase name="testEncodeAndSeparateEncoding" time="0.003" classname="com.distrimind.util.crypto.CryptoTests"/>
  <testcase name="testEncodeAndSeparateEncoding" time="0.003" classname="com.distrimind.util.crypto.CryptoTests"/>
  <testcase name="testEncodeAndSeparateEncoding" time="0.002" classname="com.distrimind.util.crypto.CryptoTests"/>
  <testcase name="testEncodeAndSeparateEncoding" time="0.002" classname="com.distrimind.util.crypto.CryptoTests"/>
  <testcase name="testEncodeAndSeparateEncoding" time="0.003" classname="com.distrimind.util.crypto.CryptoTests"/>
  <testcase name="testEncodeAndSeparateEncoding" time="0.003" classname="com.distrimind.util.crypto.CryptoTests"/>
  <testcase name="testEncodeAndSeparateEncoding" time="0.002" classname="com.distrimind.util.crypto.CryptoTests"/>
  <testcase name="testEncodeAndSeparateEncoding" time="0.003" classname="com.distrimind.util.crypto.CryptoTests"/>
  <testcase name="testEncodeAndSeparateEncoding" time="0.002" classname="com.distrimind.util.crypto.CryptoTests"/>
  <testcase name="testEncodeAndSeparateEncoding" time="0.003" classname="com.distrimind.util.crypto.CryptoTests"/>
  <testcase name="testEncodeAndSeparateEncoding" time="0.003" classname="com.distrimind.util.crypto.CryptoTests"/>
  <testcase name="testEncodeAndSeparateEncoding" time="0.002" classname="com.distrimind.util.crypto.CryptoTests"/>
  <testcase name="testEncodeAndSeparateEncoding" time="0.002" classname="com.distrimind.util.crypto.CryptoTests"/>
  <testcase name="testEncodeAndSeparateEncoding" time="0.002" classname="com.distrimind.util.crypto.CryptoTests"/>
  <testcase name="testEncodeAndSeparateEncoding" time="0.003" classname="com.distrimind.util.crypto.CryptoTests"/>
  <testcase name="testEncodeAndSeparateEncoding" time="0.003" classname="com.distrimind.util.crypto.CryptoTests"/>
  <testcase name="testEncodeAndSeparateEncoding" time="0.002" classname="com.distrimind.util.crypto.CryptoTests"/>
  <testcase name="testEncodeAndSeparateEncoding" time="0.002" classname="com.distrimind.util.crypto.CryptoTests"/>
  <testcase name="testEncodeAndSeparateEncoding" time="0.003" classname="com.distrimind.util.crypto.CryptoTests"/>
  <testcase name="testASymmetricKeyPairEncoding" time="2.28" classname="com.distrimind.util.crypto.CryptoTests"/>
  <testcase name="testASymmetricKeyPairEncoding" time="2.533" classname="com.distrimind.util.crypto.CryptoTests"/>
  <testcase name="testASymmetricKeyPairEncoding" time="5.468" classname="com.distrimind.util.crypto.CryptoTests"/>
  <testcase name="testASymmetricKeyPairEncoding" time="36.781" classname="com.distrimind.util.crypto.CryptoTests"/>
  <testcase name="testClientServerASymetricEncryptions" time="0.415" classname="com.distrimind.util.crypto.CryptoTests">
    <failure type="java.lang.AssertionError" message="expected [11008] but found [11006]">
      <![CDATA[java.lang.AssertionError: expected [11008] but found [11006]
	at org.testng.Assert.fail(Assert.java:94)
	at org.testng.Assert.failNotEquals(Assert.java:513)
	at org.testng.Assert.assertEqualsImpl(Assert.java:135)
	at org.testng.Assert.assertEquals(Assert.java:116)
	at org.testng.Assert.assertEquals(Assert.java:389)
	at org.testng.Assert.assertEquals(Assert.java:399)
	at com.distrimind.util.crypto.CryptoTests.testClientServerASymetricEncryptions(CryptoTests.java:386)
	at sun.reflect.NativeMethodAccessorImpl.invoke0(Native Method)
	at sun.reflect.NativeMethodAccessorImpl.invoke(NativeMethodAccessorImpl.java:57)
	at sun.reflect.DelegatingMethodAccessorImpl.invoke(DelegatingMethodAccessorImpl.java:43)
	at java.lang.reflect.Method.invoke(Method.java:606)
	at org.testng.internal.MethodInvocationHelper.invokeMethod(MethodInvocationHelper.java:100)
	at org.testng.internal.Invoker.invokeMethod(Invoker.java:646)
	at org.testng.internal.Invoker.invokeTestMethod(Invoker.java:811)
	at org.testng.internal.TestMethodWithDataProviderMethodWorker.call(TestMethodWithDataProviderMethodWorker.java:75)
	at org.testng.internal.TestMethodWithDataProviderMethodWorker.call(TestMethodWithDataProviderMethodWorker.java:14)
	at java.util.concurrent.FutureTask.run(FutureTask.java:262)
	at java.util.concurrent.Executors$RunnableAdapter.call(Executors.java:471)
	at java.util.concurrent.FutureTask.run(FutureTask.java:262)
	at java.util.concurrent.ThreadPoolExecutor.runWorker(ThreadPoolExecutor.java:1145)
	at java.util.concurrent.ThreadPoolExecutor$Worker.run(ThreadPoolExecutor.java:615)
	at java.lang.Thread.run(Thread.java:745)
]]>
    </failure>
  </testcase> <!-- testClientServerASymetricEncryptions -->
  <testcase name="testClientServerASymetricEncryptions" time="6.713" classname="com.distrimind.util.crypto.CryptoTests"/>
  <testcase name="testClientServerASymetricEncryptions" time="11.924" classname="com.distrimind.util.crypto.CryptoTests"/>
  <testcase name="testClientServerASymetricEncryptions" time="12.289" classname="com.distrimind.util.crypto.CryptoTests"/>
</testsuite> <!-- Default test -->
