<?xml version="1.0" encoding="UTF-8"?>
<!-- Generated by org.testng.reporters.JUnitReportReporter -->
<testsuite hostname="choupchoup" name="com.distrimind.util.tests.crypto.CryptoTests" tests="3" failures="0" timestamp="13 Oct 2016 07:36:41 GMT" time="1.386" errors="2">
  <testcase name="testPasswordHash" time="0.070" classname="com.distrimind.util.tests.crypto.CryptoTests">
    <error type="java.security.NoSuchAlgorithmException" message="PBKDF2WithHmacSHA256 SecretKeyFactory not available">
      <![CDATA[java.security.NoSuchAlgorithmException: PBKDF2WithHmacSHA256 SecretKeyFactory not available
	at javax.crypto.SecretKeyFactory.<init>(SecretKeyFactory.java:121)
	at javax.crypto.SecretKeyFactory.getInstance(SecretKeyFactory.java:159)
	at com.distrimind.util.crypto.PasswordHashType.hash(PasswordHashType.java:71)
	at com.distrimind.util.crypto.PasswordHash.hash(PasswordHash.java:142)
	at com.distrimind.util.crypto.PasswordHash.hash(PasswordHash.java:120)
	at com.distrimind.util.crypto.PasswordHash.hash(PasswordHash.java:110)
	at com.distrimind.util.tests.crypto.CryptoTests.testPasswordHash(CryptoTests.java:109)
	at sun.reflect.NativeMethodAccessorImpl.invoke0(Native Method)
	at sun.reflect.NativeMethodAccessorImpl.invoke(NativeMethodAccessorImpl.java:57)
	at sun.reflect.DelegatingMethodAccessorImpl.invoke(DelegatingMethodAccessorImpl.java:43)
	at java.lang.reflect.Method.invoke(Method.java:606)
	at org.testng.internal.MethodInvocationHelper.invokeMethod(MethodInvocationHelper.java:86)
	at org.testng.internal.Invoker.invokeMethod(Invoker.java:646)
	at org.testng.internal.Invoker.invokeTestMethod(Invoker.java:823)
	at org.testng.internal.TestMethodWithDataProviderMethodWorker.call(TestMethodWithDataProviderMethodWorker.java:75)
	at org.testng.internal.TestMethodWithDataProviderMethodWorker.call(TestMethodWithDataProviderMethodWorker.java:14)
	at java.util.concurrent.FutureTask.run(FutureTask.java:262)
	at java.util.concurrent.Executors$RunnableAdapter.call(Executors.java:471)
	at java.util.concurrent.FutureTask.run(FutureTask.java:262)
	at java.util.concurrent.ThreadPoolExecutor.runWorker(ThreadPoolExecutor.java:1145)
	at java.util.concurrent.ThreadPoolExecutor$Worker.run(ThreadPoolExecutor.java:615)
	at java.lang.Thread.run(Thread.java:745)
]]>
    </error>
  </testcase> <!-- testPasswordHash -->
  <testcase name="testPasswordHash" time="1.244" classname="com.distrimind.util.tests.crypto.CryptoTests"/>
  <testcase name="testPasswordHash" time="0.072" classname="com.distrimind.util.tests.crypto.CryptoTests">
    <error type="java.security.NoSuchAlgorithmException" message="PBKDF2WithHmacSHA256 SecretKeyFactory not available">
      <![CDATA[java.security.NoSuchAlgorithmException: PBKDF2WithHmacSHA256 SecretKeyFactory not available
	at javax.crypto.SecretKeyFactory.<init>(SecretKeyFactory.java:121)
	at javax.crypto.SecretKeyFactory.getInstance(SecretKeyFactory.java:159)
	at com.distrimind.util.crypto.PasswordHashType.hash(PasswordHashType.java:71)
	at com.distrimind.util.crypto.PasswordHash.hash(PasswordHash.java:142)
	at com.distrimind.util.crypto.PasswordHash.hash(PasswordHash.java:120)
	at com.distrimind.util.crypto.PasswordHash.hash(PasswordHash.java:110)
	at com.distrimind.util.tests.crypto.CryptoTests.testPasswordHash(CryptoTests.java:109)
	at sun.reflect.NativeMethodAccessorImpl.invoke0(Native Method)
	at sun.reflect.NativeMethodAccessorImpl.invoke(NativeMethodAccessorImpl.java:57)
	at sun.reflect.DelegatingMethodAccessorImpl.invoke(DelegatingMethodAccessorImpl.java:43)
	at java.lang.reflect.Method.invoke(Method.java:606)
	at org.testng.internal.MethodInvocationHelper.invokeMethod(MethodInvocationHelper.java:86)
	at org.testng.internal.Invoker.invokeMethod(Invoker.java:646)
	at org.testng.internal.Invoker.invokeTestMethod(Invoker.java:823)
	at org.testng.internal.TestMethodWithDataProviderMethodWorker.call(TestMethodWithDataProviderMethodWorker.java:75)
	at org.testng.internal.TestMethodWithDataProviderMethodWorker.call(TestMethodWithDataProviderMethodWorker.java:14)
	at java.util.concurrent.FutureTask.run(FutureTask.java:262)
	at java.util.concurrent.Executors$RunnableAdapter.call(Executors.java:471)
	at java.util.concurrent.FutureTask.run(FutureTask.java:262)
	at java.util.concurrent.ThreadPoolExecutor.runWorker(ThreadPoolExecutor.java:1145)
	at java.util.concurrent.ThreadPoolExecutor$Worker.run(ThreadPoolExecutor.java:615)
	at java.lang.Thread.run(Thread.java:745)
]]>
    </error>
  </testcase> <!-- testPasswordHash -->
</testsuite> <!-- com.distrimind.util.tests.crypto.CryptoTests -->
